Build started 06/08/2024 12:44:14 SA.
     1>Project "C:\Users\MSII\Desktop\upload\BaiTapLon\Week_05\Week_05\Week_05\Week_05.vcxproj" on node 2 (Build target(s)).
     1>ClCompile:
         C:\Program Files (x86)\Microsoft Visual Studio 12.0\VC\bin\CL.exe /c /ZI /nologo /W3 /WX- /sdl- /Od /Oy- /D _MBCS /Gm /EHsc /RTC1 /MDd /GS /fp:precise /Zc:wchar_t /Zc:forScope /Fo"Debug\\" /Fd"Debug\vc120.pdb" /Gd /TP /analyze- /errorReport:prompt "Bai_11-19.cpp"
         Bai_11-19.cpp
     1>c:\users\msii\desktop\upload\baitaplon\week_05\week_05\week_05\bai_11-19.cpp(52): warning C4996: 'scanf': This function or variable may be unsafe. Consider using scanf_s instead. To disable deprecation, use _CRT_SECURE_NO_WARNINGS. See online help for details.
                 c:\program files (x86)\microsoft visual studio 12.0\vc\include\stdio.h(283) : see declaration of 'scanf'
     1>c:\users\msii\desktop\upload\baitaplon\week_05\week_05\week_05\bai_11-19.cpp(87): warning C4996: 'scanf': This function or variable may be unsafe. Consider using scanf_s instead. To disable deprecation, use _CRT_SECURE_NO_WARNINGS. See online help for details.
                 c:\program files (x86)\microsoft visual studio 12.0\vc\include\stdio.h(283) : see declaration of 'scanf'
     1>c:\users\msii\desktop\upload\baitaplon\week_05\week_05\week_05\bai_11-19.cpp(104): warning C4996: 'scanf': This function or variable may be unsafe. Consider using scanf_s instead. To disable deprecation, use _CRT_SECURE_NO_WARNINGS. See online help for details.
                 c:\program files (x86)\microsoft visual studio 12.0\vc\include\stdio.h(283) : see declaration of 'scanf'
     1>c:\users\msii\desktop\upload\baitaplon\week_05\week_05\week_05\bai_11-19.cpp(117): warning C4996: 'scanf': This function or variable may be unsafe. Consider using scanf_s instead. To disable deprecation, use _CRT_SECURE_NO_WARNINGS. See online help for details.
                 c:\program files (x86)\microsoft visual studio 12.0\vc\include\stdio.h(283) : see declaration of 'scanf'
     1>c:\users\msii\desktop\upload\baitaplon\week_05\week_05\week_05\bai_11-19.cpp(128): warning C4996: 'scanf': This function or variable may be unsafe. Consider using scanf_s instead. To disable deprecation, use _CRT_SECURE_NO_WARNINGS. See online help for details.
                 c:\program files (x86)\microsoft visual studio 12.0\vc\include\stdio.h(283) : see declaration of 'scanf'
     1>c:\users\msii\desktop\upload\baitaplon\week_05\week_05\week_05\bai_11-19.cpp(144): warning C4996: 'scanf': This function or variable may be unsafe. Consider using scanf_s instead. To disable deprecation, use _CRT_SECURE_NO_WARNINGS. See online help for details.
                 c:\program files (x86)\microsoft visual studio 12.0\vc\include\stdio.h(283) : see declaration of 'scanf'
     1>c:\users\msii\desktop\upload\baitaplon\week_05\week_05\week_05\bai_11-19.cpp(156): warning C4996: 'scanf': This function or variable may be unsafe. Consider using scanf_s instead. To disable deprecation, use _CRT_SECURE_NO_WARNINGS. See online help for details.
                 c:\program files (x86)\microsoft visual studio 12.0\vc\include\stdio.h(283) : see declaration of 'scanf'
       Link:
         C:\Program Files (x86)\Microsoft Visual Studio 12.0\VC\bin\link.exe /ERRORREPORT:PROMPT /OUT:"C:\Users\MSII\Desktop\upload\BaiTapLon\Week_05\Week_05\Debug\Week_05.exe" /INCREMENTAL /NOLOGO kernel32.lib user32.lib gdi32.lib winspool.lib comdlg32.lib advapi32.lib shell32.lib ole32.lib oleaut32.lib uuid.lib odbc32.lib odbccp32.lib /MANIFEST /MANIFESTUAC:"level='asInvoker' uiAccess='false'" /manifest:embed /DEBUG /PDB:"C:\Users\MSII\Desktop\upload\BaiTapLon\Week_05\Week_05\Debug\Week_05.pdb" /TLBID:1 /DYNAMICBASE /NXCOMPAT /IMPLIB:"C:\Users\MSII\Desktop\upload\BaiTapLon\Week_05\Week_05\Debug\Week_05.lib" /MACHINE:X86 "Debug\Bai_11-19.obj"
         Week_05.vcxproj -> C:\Users\MSII\Desktop\upload\BaiTapLon\Week_05\Week_05\Debug\Week_05.exe
     1>Done Building Project "C:\Users\MSII\Desktop\upload\BaiTapLon\Week_05\Week_05\Week_05\Week_05.vcxproj" (Build target(s)).

Build succeeded.

Time Elapsed 00:00:00.68
