Build started 05/08/2024 5:26:53 CH.
     1>Project "C:\Users\MSII\Desktop\upload\BaiTapLon\Week_04\Week_04\Week_04\Week_04.vcxproj" on node 2 (Build target(s)).
     1>ClCompile:
         C:\Program Files (x86)\Microsoft Visual Studio 12.0\VC\bin\CL.exe /c /ZI /nologo /W3 /WX- /sdl- /Od /Oy- /D _MBCS /Gm /EHsc /RTC1 /MDd /GS /fp:precise /Zc:wchar_t /Zc:forScope /Fo"Debug\\" /Fd"Debug\vc120.pdb" /Gd /TP /analyze- /errorReport:prompt Bai_09.cpp
         Bai_09.cpp
     1>c:\users\msii\desktop\upload\baitaplon\week_04\week_04\week_04\bai_09.cpp(19): warning C4996: 'strncpy': This function or variable may be unsafe. Consider using strncpy_s instead. To disable deprecation, use _CRT_SECURE_NO_WARNINGS. See online help for details.
                 c:\program files (x86)\microsoft visual studio 12.0\vc\include\string.h(195) : see declaration of 'strncpy'
     1>c:\users\msii\desktop\upload\baitaplon\week_04\week_04\week_04\bai_09.cpp(23): warning C4996: 'strcat': This function or variable may be unsafe. Consider using strcat_s instead. To disable deprecation, use _CRT_SECURE_NO_WARNINGS. See online help for details.
                 c:\program files (x86)\microsoft visual studio 12.0\vc\include\string.h(118) : see declaration of 'strcat'
     1>c:\users\msii\desktop\upload\baitaplon\week_04\week_04\week_04\bai_09.cpp(26): warning C4996: 'strcat': This function or variable may be unsafe. Consider using strcat_s instead. To disable deprecation, use _CRT_SECURE_NO_WARNINGS. See online help for details.
                 c:\program files (x86)\microsoft visual studio 12.0\vc\include\string.h(118) : see declaration of 'strcat'
     1>c:\users\msii\desktop\upload\baitaplon\week_04\week_04\week_04\bai_09.cpp(29): warning C4996: 'strcpy': This function or variable may be unsafe. Consider using strcpy_s instead. To disable deprecation, use _CRT_SECURE_NO_WARNINGS. See online help for details.
                 c:\program files (x86)\microsoft visual studio 12.0\vc\include\string.h(112) : see declaration of 'strcpy'
     1>c:\users\msii\desktop\upload\baitaplon\week_04\week_04\week_04\bai_09.cpp(38): warning C4996: 'gets': This function or variable may be unsafe. Consider using gets_s instead. To disable deprecation, use _CRT_SECURE_NO_WARNINGS. See online help for details.
                 c:\program files (x86)\microsoft visual studio 12.0\vc\include\stdio.h(254) : see declaration of 'gets'
     1>c:\users\msii\desktop\upload\baitaplon\week_04\week_04\week_04\bai_09.cpp(42): warning C4996: 'gets': This function or variable may be unsafe. Consider using gets_s instead. To disable deprecation, use _CRT_SECURE_NO_WARNINGS. See online help for details.
                 c:\program files (x86)\microsoft visual studio 12.0\vc\include\stdio.h(254) : see declaration of 'gets'
     1>c:\users\msii\desktop\upload\baitaplon\week_04\week_04\week_04\bai_09.cpp(46): warning C4996: 'scanf': This function or variable may be unsafe. Consider using scanf_s instead. To disable deprecation, use _CRT_SECURE_NO_WARNINGS. See online help for details.
                 c:\program files (x86)\microsoft visual studio 12.0\vc\include\stdio.h(283) : see declaration of 'scanf'
     1>c:\users\msii\desktop\upload\baitaplon\week_04\week_04\week_04\bai_09.cpp(49): warning C4018: '>' : signed/unsigned mismatch
       Link:
         C:\Program Files (x86)\Microsoft Visual Studio 12.0\VC\bin\link.exe /ERRORREPORT:PROMPT /OUT:"C:\Users\MSII\Desktop\upload\BaiTapLon\Week_04\Week_04\Debug\Week_04.exe" /INCREMENTAL /NOLOGO kernel32.lib user32.lib gdi32.lib winspool.lib comdlg32.lib advapi32.lib shell32.lib ole32.lib oleaut32.lib uuid.lib odbc32.lib odbccp32.lib /MANIFEST /MANIFESTUAC:"level='asInvoker' uiAccess='false'" /manifest:embed /DEBUG /PDB:"C:\Users\MSII\Desktop\upload\BaiTapLon\Week_04\Week_04\Debug\Week_04.pdb" /TLBID:1 /DYNAMICBASE /NXCOMPAT /IMPLIB:"C:\Users\MSII\Desktop\upload\BaiTapLon\Week_04\Week_04\Debug\Week_04.lib" /MACHINE:X86 Debug\Bai_09.obj
         Week_04.vcxproj -> C:\Users\MSII\Desktop\upload\BaiTapLon\Week_04\Week_04\Debug\Week_04.exe
     1>Done Building Project "C:\Users\MSII\Desktop\upload\BaiTapLon\Week_04\Week_04\Week_04\Week_04.vcxproj" (Build target(s)).

Build succeeded.

Time Elapsed 00:00:00.60
